This is pdfeTeX, Version 3.141592-1.30.5-2.2 (Web2C 7.5.5) (format=pdflatex 2008.4.16)  6 JAN 2009 12:56
entering extended mode
**naaclhlt2009.tex
(./naaclhlt2009.tex
LaTeX2e <2003/12/01>
Babel <v3.8d> and hyphenation patterns for american, french, german, ngerman, b
ahasa, basque, bulgarian, catalan, croatian, czech, danish, dutch, esperanto, e
stonian, finnish, greek, icelandic, irish, italian, latin, magyar, norsk, polis
h, portuges, romanian, russian, serbian, slovak, slovene, spanish, swedish, tur
kish, ukrainian, nohyphenation, loaded.
(/usr/share/texmf/tex/latex/base/article.cls
Document Class: article 2004/02/16 v1.4f Standard LaTeX document class
(/usr/share/texmf/tex/latex/base/size11.clo
File: size11.clo 2004/02/16 v1.4f Standard LaTeX file (size option)
)
\c@part=\count79
\c@section=\count80
\c@subsection=\count81
\c@subsubsection=\count82
\c@paragraph=\count83
\c@subparagraph=\count84
\c@figure=\count85
\c@table=\count86
\abovecaptionskip=\skip41
\belowcaptionskip=\skip42
\bibindent=\dimen102
) (./naaclhlt2009.sty
Conference Style for ACL 2005 -- released Octobe 11, 2004
\titlebox=\skip43
) (/usr/share/texmf/tex/latex/psnfss/times.sty
Package: times 2004/09/15 PSNFSS-v9.2 (SPQR) 
)
(/usr/share/texmf/tex/latex/base/latexsym.sty
Package: latexsym 1998/08/17 v2.2e Standard LaTeX package (lasy symbols)
\symlasy=\mathgroup4
LaTeX Font Info:    Overwriting symbol font `lasy' in version `bold'
(Font)                  U/lasy/m/n --> U/lasy/b/n on input line 47.
) (./naaclhlt2009.aux)
\openout1 = `naaclhlt2009.aux'.

LaTeX Font Info:    Checking defaults for OML/cmm/m/it on input line 21.
LaTeX Font Info:    ... okay on input line 21.
LaTeX Font Info:    Checking defaults for T1/cmr/m/n on input line 21.
LaTeX Font Info:    ... okay on input line 21.
LaTeX Font Info:    Checking defaults for OT1/cmr/m/n on input line 21.
LaTeX Font Info:    ... okay on input line 21.
LaTeX Font Info:    Checking defaults for OMS/cmsy/m/n on input line 21.
LaTeX Font Info:    ... okay on input line 21.
LaTeX Font Info:    Checking defaults for OMX/cmex/m/n on input line 21.
LaTeX Font Info:    ... okay on input line 21.
LaTeX Font Info:    Checking defaults for U/cmr/m/n on input line 21.
LaTeX Font Info:    ... okay on input line 21.
LaTeX Font Info:    Try loading font information for OT1+ptm on input line 21.

(/usr/share/texmf/tex/latex/psnfss/ot1ptm.fd
File: ot1ptm.fd 2001/06/04 font definitions for OT1/ptm.
)
LaTeX Font Info:    Font shape `OT1/ptm/bx/n' in size <14.4> not available
(Font)              Font shape `OT1/ptm/b/n' tried instead on input line 22.
LaTeX Font Info:    External font `cmex10' loaded for size
(Font)              <12> on input line 22.
LaTeX Font Info:    External font `cmex10' loaded for size
(Font)              <8> on input line 22.
LaTeX Font Info:    External font `cmex10' loaded for size
(Font)              <6> on input line 22.
LaTeX Font Info:    Try loading font information for U+lasy on input line 22.

(/usr/share/texmf/tex/latex/base/ulasy.fd
File: ulasy.fd 1998/08/17 v2.2e LaTeX symbol font definitions
)
LaTeX Font Info:    Font shape `OT1/ptm/bx/n' in size <12> not available
(Font)              Font shape `OT1/ptm/b/n' tried instead on input line 22.
LaTeX Font Info:    Try loading font information for OT1+pcr on input line 22.

(/usr/share/texmf/tex/latex/psnfss/ot1pcr.fd
File: ot1pcr.fd 2001/06/04 font definitions for OT1/pcr.
)
LaTeX Font Info:    Font shape `OT1/ptm/bx/n' in size <10.95> not available
(Font)              Font shape `OT1/ptm/b/n' tried instead on input line 32.


LaTeX Warning: Reference `ssec:first' on page 1 undefined on input line 32.


LaTeX Warning: Reference `fig:learning:curve' on page 1 undefined on input line
 66.


LaTeX Warning: Citation `zettlemoyer2007' on page 1 undefined on input line 67.


[1{/var/lib/texmf/fonts/map/pdftex/updmap/pdftex.map}




] (./naaclhlt2009.aux)

LaTeX Warning: There were undefined references.

 ) 
Here is how much of TeX's memory you used:
 368 strings out of 94432
 4491 string characters out of 1175566
 52348 words of memory out of 1000000
 3622 multiletter control sequences out of 10000+50000
 19333 words of font info for 44 fonts, out of 500000 for 2000
 580 hyphenation exceptions out of 1000
 22i,9n,19p,664b,256s stack positions out of 1500i,500n,5000p,200000b,5000s
PDF statistics:
 16 PDF objects out of 300000
 0 named destinations out of 131072
 1 words of extra memory for PDF output out of 10000
{/usr/share/texmf/fonts/enc/dvips/psnfss/8r.enc}</usr/share/texmf/fonts/type1
/urw/times/utmri8a.pfb></usr/share/texmf/fonts/type1/urw/courier/ucrr8a.pfb></u
sr/share/texmf/fonts/type1/urw/times/utmr8a.pfb></usr/share/texmf/fonts/type1/u
rw/times/utmb8a.pfb>
Output written on naaclhlt2009.pdf (1 page, 58193 bytes).
